2020-01-23 10:03:08.350  INFO 12810 --- [main] com.springboot.elk.DemoApp               : Starting DemoApp on mou.local with PID 12810 (/Users/mou/IdeaProjects/springboot-elk/target/classes started by mou in /Users/mou/IdeaProjects/springboot-elk)
2020-01-23 10:03:08.360  INFO 12810 --- [main] com.springboot.elk.DemoApp               : No active profile set, falling back to default profiles: default
2020-01-23 10:03:09.918  INFO 12810 --- [main] o.s.b.w.embedded.tomcat.TomcatWebServer  : Tomcat initialized with port(s): 8034 (http)
2020-01-23 10:03:09.930  INFO 12810 --- [main] o.apache.catalina.core.StandardService   : Starting service [Tomcat]
2020-01-23 10:03:09.930  INFO 12810 --- [main] org.apache.catalina.core.StandardEngine  : Starting Servlet engine: [Apache Tomcat/9.0.27]
2020-01-23 10:03:10.011  INFO 12810 --- [main] o.a.c.c.C.[Tomcat].[localhost].[/]       : Initializing Spring embedded WebApplicationContext
2020-01-23 10:03:10.012  INFO 12810 --- [main] o.s.web.context.ContextLoader            : Root WebApplicationContext: initialization completed in 1577 ms
2020-01-23 10:03:10.294  INFO 12810 --- [main] o.s.s.concurrent.ThreadPoolTaskExecutor  : Initializing ExecutorService 'applicationTaskExecutor'
2020-01-23 10:03:10.542  INFO 12810 --- [main] o.s.b.w.embedded.tomcat.TomcatWebServer  : Tomcat started on port(s): 8034 (http) with context path ''
2020-01-23 10:03:10.545  INFO 12810 --- [main] com.springboot.elk.DemoApp               : Started DemoApp in 2.683 seconds (JVM running for 3.141)
2020-01-23 10:11:37.337  INFO 12810 --- [http-nio-8034-exec-2] o.a.c.c.C.[Tomcat].[localhost].[/]       : Initializing Spring DispatcherServlet 'dispatcherServlet'
2020-01-23 10:11:37.337  INFO 12810 --- [http-nio-8034-exec-2] o.s.web.servlet.DispatcherServlet        : Initializing Servlet 'dispatcherServlet'
2020-01-23 10:11:37.344  INFO 12810 --- [http-nio-8034-exec-2] o.s.web.servlet.DispatcherServlet        : Completed initialization in 7 ms
2020-01-23 10:11:37.378  INFO 12810 --- [http-nio-8034-exec-2] com.springboot.elk.aspect.LoggingAspect  : REQUEST | METHOD: GET - REMOTE: 0:0:0:0:0:0:0:1 URI: /demo/ BODY: []
2020-01-23 10:11:37.378  INFO 12810 --- [http-nio-8034-exec-2] com.springboot.elk.aspect.LoggingAspect  : RESPONSE | METHOD: GET - REMOTE: 0:0:0:0:0:0:0:1 - URI: /demo/ - BODY: [DemoUser{id=1, username='DEMOUSER0', password='DEMOPASS0'}, DemoUser{id=2, username='DEMOUSER1', password='DEMOPASS1'}, DemoUser{id=3, username='DEMOUSER2', password='DEMOPASS2'}]
2020-01-23 10:13:03.274  INFO 12810 --- [SpringContextShutdownHook] o.s.s.concurrent.ThreadPoolTaskExecutor  : Shutting down ExecutorService 'applicationTaskExecutor'
2020-01-23 10:13:05.554  INFO 12979 --- [main] com.springboot.elk.DemoApp               : Starting DemoApp on mou.local with PID 12979 (/Users/mou/IdeaProjects/springboot-elk/target/classes started by mou in /Users/mou/IdeaProjects/springboot-elk)
2020-01-23 10:13:05.559  INFO 12979 --- [main] com.springboot.elk.DemoApp               : No active profile set, falling back to default profiles: default
2020-01-23 10:13:06.928  INFO 12979 --- [main] o.s.b.w.embedded.tomcat.TomcatWebServer  : Tomcat initialized with port(s): 8034 (http)
2020-01-23 10:13:06.939  INFO 12979 --- [main] o.apache.catalina.core.StandardService   : Starting service [Tomcat]
2020-01-23 10:13:06.939  INFO 12979 --- [main] org.apache.catalina.core.StandardEngine  : Starting Servlet engine: [Apache Tomcat/9.0.27]
2020-01-23 10:13:07.010  INFO 12979 --- [main] o.a.c.c.C.[Tomcat].[localhost].[/]       : Initializing Spring embedded WebApplicationContext
2020-01-23 10:13:07.010  INFO 12979 --- [main] o.s.web.context.ContextLoader            : Root WebApplicationContext: initialization completed in 1358 ms
2020-01-23 10:13:07.246  INFO 12979 --- [main] o.s.s.concurrent.ThreadPoolTaskExecutor  : Initializing ExecutorService 'applicationTaskExecutor'
2020-01-23 10:13:07.415  INFO 12979 --- [main] o.s.b.w.embedded.tomcat.TomcatWebServer  : Tomcat started on port(s): 8034 (http) with context path ''
2020-01-23 10:13:07.418  INFO 12979 --- [main] com.springboot.elk.DemoApp               : Started DemoApp in 2.274 seconds (JVM running for 2.665)
2020-01-23 10:14:02.039  INFO 12979 --- [http-nio-8034-exec-1] o.a.c.c.C.[Tomcat].[localhost].[/]       : Initializing Spring DispatcherServlet 'dispatcherServlet'
2020-01-23 10:14:02.040  INFO 12979 --- [http-nio-8034-exec-1] o.s.web.servlet.DispatcherServlet        : Initializing Servlet 'dispatcherServlet'
2020-01-23 10:14:02.048  INFO 12979 --- [http-nio-8034-exec-1] o.s.web.servlet.DispatcherServlet        : Completed initialization in 8 ms
2020-01-23 10:14:02.130  INFO 12979 --- [http-nio-8034-exec-1] com.springboot.elk.aspect.LoggingAspect  : REQUEST | METHOD: GET - REMOTE: 0:0:0:0:0:0:0:1 URI: /demo/ BODY: []
2020-01-23 10:14:02.130  INFO 12979 --- [http-nio-8034-exec-1] com.springboot.elk.aspect.LoggingAspect  : RESPONSE | METHOD: GET - REMOTE: 0:0:0:0:0:0:0:1 - URI: /demo/ - BODY: [DemoUser{id=1, username='DEMOUSER0', password='DEMOPASS0'}, DemoUser{id=2, username='DEMOUSER1', password='DEMOPASS1'}, DemoUser{id=3, username='DEMOUSER2', password='DEMOPASS2'}]
2020-01-23 10:15:15.250  INFO 12979 --- [http-nio-8034-exec-5] com.springboot.elk.aspect.LoggingAspect  : REQUEST | METHOD: GET - REMOTE: 0:0:0:0:0:0:0:1 URI: /demo/ BODY: []
2020-01-23 10:15:15.250  INFO 12979 --- [http-nio-8034-exec-5] com.springboot.elk.aspect.LoggingAspect  : RESPONSE | METHOD: GET - REMOTE: 0:0:0:0:0:0:0:1 - URI: /demo/ - BODY: [DemoUser{id=1, username='DEMOUSER0', password='DEMOPASS0'}, DemoUser{id=2, username='DEMOUSER1', password='DEMOPASS1'}, DemoUser{id=3, username='DEMOUSER2', password='DEMOPASS2'}]
2020-01-23 10:15:15.988  INFO 12979 --- [http-nio-8034-exec-6] com.springboot.elk.aspect.LoggingAspect  : REQUEST | METHOD: GET - REMOTE: 0:0:0:0:0:0:0:1 URI: /demo/ BODY: []
2020-01-23 10:15:15.989  INFO 12979 --- [http-nio-8034-exec-6] com.springboot.elk.aspect.LoggingAspect  : RESPONSE | METHOD: GET - REMOTE: 0:0:0:0:0:0:0:1 - URI: /demo/ - BODY: [DemoUser{id=1, username='DEMOUSER0', password='DEMOPASS0'}, DemoUser{id=2, username='DEMOUSER1', password='DEMOPASS1'}, DemoUser{id=3, username='DEMOUSER2', password='DEMOPASS2'}]
2020-01-23 10:17:08.174  INFO 12979 --- [http-nio-8034-exec-9] com.springboot.elk.aspect.LoggingAspect  : REQUEST | METHOD: GET - REMOTE: 0:0:0:0:0:0:0:1 URI: /demo/ BODY: []
2020-01-23 10:17:08.175  INFO 12979 --- [http-nio-8034-exec-9] com.springboot.elk.aspect.LoggingAspect  : RESPONSE | METHOD: GET - REMOTE: 0:0:0:0:0:0:0:1 - URI: /demo/ - BODY: [DemoUser{id=1, username='DEMOUSER0', password='DEMOPASS0'}, DemoUser{id=2, username='DEMOUSER1', password='DEMOPASS1'}, DemoUser{id=3, username='DEMOUSER2', password='DEMOPASS2'}]
2020-01-23 10:17:08.835  INFO 12979 --- [http-nio-8034-exec-10] com.springboot.elk.aspect.LoggingAspect  : REQUEST | METHOD: GET - REMOTE: 0:0:0:0:0:0:0:1 URI: /demo/ BODY: []
2020-01-23 10:17:08.835  INFO 12979 --- [http-nio-8034-exec-10] com.springboot.elk.aspect.LoggingAspect  : RESPONSE | METHOD: GET - REMOTE: 0:0:0:0:0:0:0:1 - URI: /demo/ - BODY: [DemoUser{id=1, username='DEMOUSER0', password='DEMOPASS0'}, DemoUser{id=2, username='DEMOUSER1', password='DEMOPASS1'}, DemoUser{id=3, username='DEMOUSER2', password='DEMOPASS2'}]
2020-01-23 10:17:09.754  INFO 12979 --- [http-nio-8034-exec-2] com.springboot.elk.aspect.LoggingAspect  : REQUEST | METHOD: GET - REMOTE: 0:0:0:0:0:0:0:1 URI: /demo/ BODY: []
2020-01-23 10:17:09.754  INFO 12979 --- [http-nio-8034-exec-2] com.springboot.elk.aspect.LoggingAspect  : RESPONSE | METHOD: GET - REMOTE: 0:0:0:0:0:0:0:1 - URI: /demo/ - BODY: [DemoUser{id=1, username='DEMOUSER0', password='DEMOPASS0'}, DemoUser{id=2, username='DEMOUSER1', password='DEMOPASS1'}, DemoUser{id=3, username='DEMOUSER2', password='DEMOPASS2'}]
2020-01-23 10:17:10.471  INFO 12979 --- [http-nio-8034-exec-1] com.springboot.elk.aspect.LoggingAspect  : REQUEST | METHOD: GET - REMOTE: 0:0:0:0:0:0:0:1 URI: /demo/ BODY: []
2020-01-23 10:17:10.471  INFO 12979 --- [http-nio-8034-exec-1] com.springboot.elk.aspect.LoggingAspect  : RESPONSE | METHOD: GET - REMOTE: 0:0:0:0:0:0:0:1 - URI: /demo/ - BODY: [DemoUser{id=1, username='DEMOUSER0', password='DEMOPASS0'}, DemoUser{id=2, username='DEMOUSER1', password='DEMOPASS1'}, DemoUser{id=3, username='DEMOUSER2', password='DEMOPASS2'}]
2020-01-23 10:17:39.100  INFO 12979 --- [http-nio-8034-exec-3] com.springboot.elk.aspect.LoggingAspect  : REQUEST | METHOD: GET - REMOTE: 0:0:0:0:0:0:0:1 URI: /demo/ BODY: []
2020-01-23 10:17:39.100  INFO 12979 --- [http-nio-8034-exec-3] com.springboot.elk.aspect.LoggingAspect  : RESPONSE | METHOD: GET - REMOTE: 0:0:0:0:0:0:0:1 - URI: /demo/ - BODY: [DemoUser{id=1, username='DEMOUSER0', password='DEMOPASS0'}, DemoUser{id=2, username='DEMOUSER1', password='DEMOPASS1'}, DemoUser{id=3, username='DEMOUSER2', password='DEMOPASS2'}]
2020-01-23 10:17:48.801  INFO 12979 --- [http-nio-8034-exec-4] com.springboot.elk.aspect.LoggingAspect  : REQUEST | METHOD: GET - REMOTE: 0:0:0:0:0:0:0:1 URI: /demo/ BODY: []
2020-01-23 10:17:48.801  INFO 12979 --- [http-nio-8034-exec-4] com.springboot.elk.aspect.LoggingAspect  : RESPONSE | METHOD: GET - REMOTE: 0:0:0:0:0:0:0:1 - URI: /demo/ - BODY: [DemoUser{id=1, username='DEMOUSER0', password='DEMOPASS0'}, DemoUser{id=2, username='DEMOUSER1', password='DEMOPASS1'}, DemoUser{id=3, username='DEMOUSER2', password='DEMOPASS2'}]
2020-01-23 10:18:37.413  INFO 12979 --- [http-nio-8034-exec-5] com.springboot.elk.aspect.LoggingAspect  : REQUEST | METHOD: GET - REMOTE: 0:0:0:0:0:0:0:1 URI: /demo/ BODY: []
2020-01-23 10:18:37.413  INFO 12979 --- [http-nio-8034-exec-5] com.springboot.elk.aspect.LoggingAspect  : RESPONSE | METHOD: GET - REMOTE: 0:0:0:0:0:0:0:1 - URI: /demo/ - BODY: [DemoUser{id=1, username='DEMOUSER0', password='DEMOPASS0'}, DemoUser{id=2, username='DEMOUSER1', password='DEMOPASS1'}, DemoUser{id=3, username='DEMOUSER2', password='DEMOPASS2'}]
2020-01-23 10:19:04.111  INFO 12979 --- [http-nio-8034-exec-6] com.springboot.elk.aspect.LoggingAspect  : REQUEST | METHOD: GET - REMOTE: 0:0:0:0:0:0:0:1 URI: /demo/ BODY: []
2020-01-23 10:19:04.111  INFO 12979 --- [http-nio-8034-exec-6] com.springboot.elk.aspect.LoggingAspect  : RESPONSE | METHOD: GET - REMOTE: 0:0:0:0:0:0:0:1 - URI: /demo/ - BODY: [DemoUser{id=1, username='DEMOUSER0', password='DEMOPASS0'}, DemoUser{id=2, username='DEMOUSER1', password='DEMOPASS1'}, DemoUser{id=3, username='DEMOUSER2', password='DEMOPASS2'}]
